WARNING:root:no value was provided for `target_layer`, thus set to 'layer4'.
WARNING:root:no value was provided for `fc_layer`, thus set to 'fc'.
WARNING:root:no value was provided for `target_layer`, thus set to 'layer4'.
WARNING:root:no value was provided for `fc_layer`, thus set to 'fc'.
WARNING:root:no value was provided for `target_layer`, thus set to 'layer4'.
WARNING:root:no value was provided for `fc_layer`, thus set to 'fc'.
WARNING:root:no value was provided for `target_layer`, thus set to 'layer4'.
WARNING:root:no value was provided for `fc_layer`, thus set to 'fc'.
INFO:root:Time: 00d 00h 00m 01s, num timesteps 0, FPS 0,
	Rewards:
	Losses:
WARNING:root:no value was provided for `target_layer`, thus set to 'layer4'.
WARNING:root:no value was provided for `fc_layer`, thus set to 'fc'.
WARNING:root:no value was provided for `target_layer`, thus set to 'layer4'.
WARNING:root:no value was provided for `fc_layer`, thus set to 'fc'.
WARNING:root:no value was provided for `target_layer`, thus set to 'layer4'.
WARNING:root:no value was provided for `fc_layer`, thus set to 'fc'.
WARNING:root:no value was provided for `target_layer`, thus set to 'layer4'.
WARNING:root:no value was provided for `fc_layer`, thus set to 'fc'.
WARNING:root:no value was provided for `target_layer`, thus set to 'layer4'.
WARNING:root:no value was provided for `fc_layer`, thus set to 'fc'.
WARNING:root:no value was provided for `target_layer`, thus set to 'layer4'.
WARNING:root:no value was provided for `fc_layer`, thus set to 'fc'.
WARNING:root:no value was provided for `target_layer`, thus set to 'layer4'.
WARNING:root:no value was provided for `fc_layer`, thus set to 'fc'.
WARNING:root:no value was provided for `target_layer`, thus set to 'layer4'.
WARNING:root:no value was provided for `fc_layer`, thus set to 'fc'.
WARNING:root:no value was provided for `target_layer`, thus set to 'layer4'.
WARNING:root:no value was provided for `fc_layer`, thus set to 'fc'.
WARNING:root:no value was provided for `target_layer`, thus set to 'layer4'.
WARNING:root:no value was provided for `fc_layer`, thus set to 'fc'.
WARNING:root:no value was provided for `target_layer`, thus set to 'layer4'.
WARNING:root:no value was provided for `fc_layer`, thus set to 'fc'.
WARNING:root:no value was provided for `target_layer`, thus set to 'layer4'.
WARNING:root:no value was provided for `fc_layer`, thus set to 'fc'.
WARNING:root:no value was provided for `target_layer`, thus set to 'layer4'.
WARNING:root:no value was provided for `fc_layer`, thus set to 'fc'.
WARNING:root:no value was provided for `target_layer`, thus set to 'layer4'.
WARNING:root:no value was provided for `fc_layer`, thus set to 'fc'.
WARNING:root:no value was provided for `target_layer`, thus set to 'layer4'.
WARNING:root:no value was provided for `fc_layer`, thus set to 'fc'.
WARNING:root:no value was provided for `target_layer`, thus set to 'layer4'.
WARNING:root:no value was provided for `fc_layer`, thus set to 'fc'.
WARNING:root:no value was provided for `target_layer`, thus set to 'layer4'.
WARNING:root:no value was provided for `fc_layer`, thus set to 'fc'.
WARNING:root:no value was provided for `target_layer`, thus set to 'layer4'.
WARNING:root:no value was provided for `fc_layer`, thus set to 'fc'.
WARNING:root:no value was provided for `target_layer`, thus set to 'layer4'.
WARNING:root:no value was provided for `fc_layer`, thus set to 'fc'.
WARNING:root:no value was provided for `target_layer`, thus set to 'layer4'.
WARNING:root:no value was provided for `fc_layer`, thus set to 'fc'.
INFO:root:Time: 00d 00h 00m 22s, num timesteps 20, FPS 0,
	Rewards:
	Losses: Local Loss: 5.464,
WARNING:root:no value was provided for `target_layer`, thus set to 'layer4'.
WARNING:root:no value was provided for `fc_layer`, thus set to 'fc'.
WARNING:root:no value was provided for `target_layer`, thus set to 'layer4'.
WARNING:root:no value was provided for `fc_layer`, thus set to 'fc'.
WARNING:root:no value was provided for `target_layer`, thus set to 'layer4'.
WARNING:root:no value was provided for `fc_layer`, thus set to 'fc'.
WARNING:root:no value was provided for `target_layer`, thus set to 'layer4'.
WARNING:root:no value was provided for `fc_layer`, thus set to 'fc'.
WARNING:root:no value was provided for `target_layer`, thus set to 'layer4'.
WARNING:root:no value was provided for `fc_layer`, thus set to 'fc'.
WARNING:root:no value was provided for `target_layer`, thus set to 'layer4'.
WARNING:root:no value was provided for `fc_layer`, thus set to 'fc'.
WARNING:root:no value was provided for `target_layer`, thus set to 'layer4'.
WARNING:root:no value was provided for `fc_layer`, thus set to 'fc'.
WARNING:root:no value was provided for `target_layer`, thus set to 'layer4'.
WARNING:root:no value was provided for `fc_layer`, thus set to 'fc'.
WARNING:root:no value was provided for `target_layer`, thus set to 'layer4'.
WARNING:root:no value was provided for `fc_layer`, thus set to 'fc'.
WARNING:root:no value was provided for `target_layer`, thus set to 'layer4'.
WARNING:root:no value was provided for `fc_layer`, thus set to 'fc'.
WARNING:root:no value was provided for `target_layer`, thus set to 'layer4'.
WARNING:root:no value was provided for `fc_layer`, thus set to 'fc'.
WARNING:root:no value was provided for `target_layer`, thus set to 'layer4'.
WARNING:root:no value was provided for `fc_layer`, thus set to 'fc'.
WARNING:root:no value was provided for `target_layer`, thus set to 'layer4'.
WARNING:root:no value was provided for `fc_layer`, thus set to 'fc'.
WARNING:root:no value was provided for `target_layer`, thus set to 'layer4'.
WARNING:root:no value was provided for `fc_layer`, thus set to 'fc'.
WARNING:root:no value was provided for `target_layer`, thus set to 'layer4'.
WARNING:root:no value was provided for `fc_layer`, thus set to 'fc'.
WARNING:root:no value was provided for `target_layer`, thus set to 'layer4'.
WARNING:root:no value was provided for `fc_layer`, thus set to 'fc'.
WARNING:root:no value was provided for `target_layer`, thus set to 'layer4'.
WARNING:root:no value was provided for `fc_layer`, thus set to 'fc'.
WARNING:root:no value was provided for `target_layer`, thus set to 'layer4'.
WARNING:root:no value was provided for `fc_layer`, thus set to 'fc'.
WARNING:root:no value was provided for `target_layer`, thus set to 'layer4'.
WARNING:root:no value was provided for `fc_layer`, thus set to 'fc'.
WARNING:root:no value was provided for `target_layer`, thus set to 'layer4'.
WARNING:root:no value was provided for `fc_layer`, thus set to 'fc'.
INFO:root:Time: 00d 00h 00m 42s, num timesteps 40, FPS 0,
	Rewards:
	Losses: Local Loss: 5.255,
WARNING:root:no value was provided for `target_layer`, thus set to 'layer4'.
WARNING:root:no value was provided for `fc_layer`, thus set to 'fc'.
WARNING:root:no value was provided for `target_layer`, thus set to 'layer4'.
WARNING:root:no value was provided for `fc_layer`, thus set to 'fc'.
WARNING:root:no value was provided for `target_layer`, thus set to 'layer4'.
WARNING:root:no value was provided for `fc_layer`, thus set to 'fc'.
WARNING:root:no value was provided for `target_layer`, thus set to 'layer4'.
WARNING:root:no value was provided for `fc_layer`, thus set to 'fc'.
WARNING:root:no value was provided for `target_layer`, thus set to 'layer4'.
WARNING:root:no value was provided for `fc_layer`, thus set to 'fc'.
WARNING:root:no value was provided for `target_layer`, thus set to 'layer4'.
WARNING:root:no value was provided for `fc_layer`, thus set to 'fc'.
WARNING:root:no value was provided for `target_layer`, thus set to 'layer4'.
WARNING:root:no value was provided for `fc_layer`, thus set to 'fc'.
WARNING:root:no value was provided for `target_layer`, thus set to 'layer4'.
WARNING:root:no value was provided for `fc_layer`, thus set to 'fc'.
WARNING:root:no value was provided for `target_layer`, thus set to 'layer4'.
WARNING:root:no value was provided for `fc_layer`, thus set to 'fc'.
WARNING:root:no value was provided for `target_layer`, thus set to 'layer4'.
WARNING:root:no value was provided for `fc_layer`, thus set to 'fc'.
WARNING:root:no value was provided for `target_layer`, thus set to 'layer4'.
WARNING:root:no value was provided for `fc_layer`, thus set to 'fc'.
WARNING:root:no value was provided for `target_layer`, thus set to 'layer4'.
WARNING:root:no value was provided for `fc_layer`, thus set to 'fc'.
WARNING:root:no value was provided for `target_layer`, thus set to 'layer4'.
WARNING:root:no value was provided for `fc_layer`, thus set to 'fc'.
WARNING:root:no value was provided for `target_layer`, thus set to 'layer4'.
WARNING:root:no value was provided for `fc_layer`, thus set to 'fc'.
WARNING:root:no value was provided for `target_layer`, thus set to 'layer4'.
WARNING:root:no value was provided for `fc_layer`, thus set to 'fc'.
WARNING:root:no value was provided for `target_layer`, thus set to 'layer4'.
WARNING:root:no value was provided for `fc_layer`, thus set to 'fc'.
WARNING:root:no value was provided for `target_layer`, thus set to 'layer4'.
WARNING:root:no value was provided for `fc_layer`, thus set to 'fc'.
WARNING:root:no value was provided for `target_layer`, thus set to 'layer4'.
WARNING:root:no value was provided for `fc_layer`, thus set to 'fc'.
WARNING:root:no value was provided for `target_layer`, thus set to 'layer4'.
WARNING:root:no value was provided for `fc_layer`, thus set to 'fc'.
WARNING:root:no value was provided for `target_layer`, thus set to 'layer4'.
WARNING:root:no value was provided for `fc_layer`, thus set to 'fc'.
INFO:root:Time: 00d 00h 01m 02s, num timesteps 60, FPS 0,
	Rewards:
	Losses: Local Loss: 4.954,
WARNING:root:no value was provided for `target_layer`, thus set to 'layer4'.
WARNING:root:no value was provided for `fc_layer`, thus set to 'fc'.
WARNING:root:no value was provided for `target_layer`, thus set to 'layer4'.
WARNING:root:no value was provided for `fc_layer`, thus set to 'fc'.
WARNING:root:no value was provided for `target_layer`, thus set to 'layer4'.
WARNING:root:no value was provided for `fc_layer`, thus set to 'fc'.
WARNING:root:no value was provided for `target_layer`, thus set to 'layer4'.
WARNING:root:no value was provided for `fc_layer`, thus set to 'fc'.
WARNING:root:no value was provided for `target_layer`, thus set to 'layer4'.
WARNING:root:no value was provided for `fc_layer`, thus set to 'fc'.
WARNING:root:no value was provided for `target_layer`, thus set to 'layer4'.
WARNING:root:no value was provided for `fc_layer`, thus set to 'fc'.
WARNING:root:no value was provided for `target_layer`, thus set to 'layer4'.
WARNING:root:no value was provided for `fc_layer`, thus set to 'fc'.
WARNING:root:no value was provided for `target_layer`, thus set to 'layer4'.
WARNING:root:no value was provided for `fc_layer`, thus set to 'fc'.
WARNING:root:no value was provided for `target_layer`, thus set to 'layer4'.
WARNING:root:no value was provided for `fc_layer`, thus set to 'fc'.
WARNING:root:no value was provided for `target_layer`, thus set to 'layer4'.
WARNING:root:no value was provided for `fc_layer`, thus set to 'fc'.
WARNING:root:no value was provided for `target_layer`, thus set to 'layer4'.
WARNING:root:no value was provided for `fc_layer`, thus set to 'fc'.
WARNING:root:no value was provided for `target_layer`, thus set to 'layer4'.
WARNING:root:no value was provided for `fc_layer`, thus set to 'fc'.
WARNING:root:no value was provided for `target_layer`, thus set to 'layer4'.
WARNING:root:no value was provided for `fc_layer`, thus set to 'fc'.
WARNING:root:no value was provided for `target_layer`, thus set to 'layer4'.
WARNING:root:no value was provided for `fc_layer`, thus set to 'fc'.
WARNING:root:no value was provided for `target_layer`, thus set to 'layer4'.
WARNING:root:no value was provided for `fc_layer`, thus set to 'fc'.
WARNING:root:no value was provided for `target_layer`, thus set to 'layer4'.
WARNING:root:no value was provided for `fc_layer`, thus set to 'fc'.
WARNING:root:no value was provided for `target_layer`, thus set to 'layer4'.
WARNING:root:no value was provided for `fc_layer`, thus set to 'fc'.
WARNING:root:no value was provided for `target_layer`, thus set to 'layer4'.
WARNING:root:no value was provided for `fc_layer`, thus set to 'fc'.
WARNING:root:no value was provided for `target_layer`, thus set to 'layer4'.
WARNING:root:no value was provided for `fc_layer`, thus set to 'fc'.
WARNING:root:no value was provided for `target_layer`, thus set to 'layer4'.
WARNING:root:no value was provided for `fc_layer`, thus set to 'fc'.
INFO:root:Time: 00d 00h 07m 10s, num timesteps 80, FPS 0,
	Rewards:
	Losses: Local Loss: 4.570, SLAM Loss proj/exp/pose:0.5360/0.5402/2.1376
WARNING:root:no value was provided for `target_layer`, thus set to 'layer4'.
WARNING:root:no value was provided for `fc_layer`, thus set to 'fc'.
WARNING:root:no value was provided for `target_layer`, thus set to 'layer4'.
WARNING:root:no value was provided for `fc_layer`, thus set to 'fc'.
WARNING:root:no value was provided for `target_layer`, thus set to 'layer4'.
WARNING:root:no value was provided for `fc_layer`, thus set to 'fc'.
WARNING:root:no value was provided for `target_layer`, thus set to 'layer4'.
WARNING:root:no value was provided for `fc_layer`, thus set to 'fc'.
WARNING:root:no value was provided for `target_layer`, thus set to 'layer4'.
WARNING:root:no value was provided for `fc_layer`, thus set to 'fc'.
WARNING:root:no value was provided for `target_layer`, thus set to 'layer4'.
WARNING:root:no value was provided for `fc_layer`, thus set to 'fc'.
WARNING:root:no value was provided for `target_layer`, thus set to 'layer4'.
WARNING:root:no value was provided for `fc_layer`, thus set to 'fc'.
WARNING:root:no value was provided for `target_layer`, thus set to 'layer4'.
WARNING:root:no value was provided for `fc_layer`, thus set to 'fc'.
WARNING:root:no value was provided for `target_layer`, thus set to 'layer4'.
WARNING:root:no value was provided for `fc_layer`, thus set to 'fc'.
WARNING:root:no value was provided for `target_layer`, thus set to 'layer4'.
WARNING:root:no value was provided for `fc_layer`, thus set to 'fc'.
WARNING:root:no value was provided for `target_layer`, thus set to 'layer4'.
WARNING:root:no value was provided for `fc_layer`, thus set to 'fc'.
WARNING:root:no value was provided for `target_layer`, thus set to 'layer4'.
WARNING:root:no value was provided for `fc_layer`, thus set to 'fc'.
WARNING:root:no value was provided for `target_layer`, thus set to 'layer4'.
WARNING:root:no value was provided for `fc_layer`, thus set to 'fc'.
WARNING:root:no value was provided for `target_layer`, thus set to 'layer4'.
WARNING:root:no value was provided for `fc_layer`, thus set to 'fc'.
WARNING:root:no value was provided for `target_layer`, thus set to 'layer4'.
WARNING:root:no value was provided for `fc_layer`, thus set to 'fc'.
WARNING:root:no value was provided for `target_layer`, thus set to 'layer4'.
WARNING:root:no value was provided for `fc_layer`, thus set to 'fc'.
WARNING:root:no value was provided for `target_layer`, thus set to 'layer4'.
WARNING:root:no value was provided for `fc_layer`, thus set to 'fc'.
WARNING:root:no value was provided for `target_layer`, thus set to 'layer4'.
WARNING:root:no value was provided for `fc_layer`, thus set to 'fc'.
WARNING:root:no value was provided for `target_layer`, thus set to 'layer4'.
WARNING:root:no value was provided for `fc_layer`, thus set to 'fc'.
WARNING:root:no value was provided for `target_layer`, thus set to 'layer4'.
WARNING:root:no value was provided for `fc_layer`, thus set to 'fc'.
INFO:root:Time: 00d 00h 19m 20s, num timesteps 100, FPS 0,
	Rewards:
	Losses: Local Loss: 4.239, SLAM Loss proj/exp/pose:0.2475/0.3381/0.8683
WARNING:root:no value was provided for `target_layer`, thus set to 'layer4'.
WARNING:root:no value was provided for `fc_layer`, thus set to 'fc'.
WARNING:root:no value was provided for `target_layer`, thus set to 'layer4'.
WARNING:root:no value was provided for `fc_layer`, thus set to 'fc'.
WARNING:root:no value was provided for `target_layer`, thus set to 'layer4'.
WARNING:root:no value was provided for `fc_layer`, thus set to 'fc'.
WARNING:root:no value was provided for `target_layer`, thus set to 'layer4'.
WARNING:root:no value was provided for `fc_layer`, thus set to 'fc'.
WARNING:root:no value was provided for `target_layer`, thus set to 'layer4'.
WARNING:root:no value was provided for `fc_layer`, thus set to 'fc'.
WARNING:root:no value was provided for `target_layer`, thus set to 'layer4'.
WARNING:root:no value was provided for `fc_layer`, thus set to 'fc'.
WARNING:root:no value was provided for `target_layer`, thus set to 'layer4'.
WARNING:root:no value was provided for `fc_layer`, thus set to 'fc'.
WARNING:root:no value was provided for `target_layer`, thus set to 'layer4'.
WARNING:root:no value was provided for `fc_layer`, thus set to 'fc'.
WARNING:root:no value was provided for `target_layer`, thus set to 'layer4'.
WARNING:root:no value was provided for `fc_layer`, thus set to 'fc'.
WARNING:root:no value was provided for `target_layer`, thus set to 'layer4'.
WARNING:root:no value was provided for `fc_layer`, thus set to 'fc'.
WARNING:root:no value was provided for `target_layer`, thus set to 'layer4'.
WARNING:root:no value was provided for `fc_layer`, thus set to 'fc'.
WARNING:root:no value was provided for `target_layer`, thus set to 'layer4'.
WARNING:root:no value was provided for `fc_layer`, thus set to 'fc'.
WARNING:root:no value was provided for `target_layer`, thus set to 'layer4'.
WARNING:root:no value was provided for `fc_layer`, thus set to 'fc'.
WARNING:root:no value was provided for `target_layer`, thus set to 'layer4'.
WARNING:root:no value was provided for `fc_layer`, thus set to 'fc'.
WARNING:root:no value was provided for `target_layer`, thus set to 'layer4'.
WARNING:root:no value was provided for `fc_layer`, thus set to 'fc'.
WARNING:root:no value was provided for `target_layer`, thus set to 'layer4'.
WARNING:root:no value was provided for `fc_layer`, thus set to 'fc'.
WARNING:root:no value was provided for `target_layer`, thus set to 'layer4'.
WARNING:root:no value was provided for `fc_layer`, thus set to 'fc'.
WARNING:root:no value was provided for `target_layer`, thus set to 'layer4'.
WARNING:root:no value was provided for `fc_layer`, thus set to 'fc'.
WARNING:root:no value was provided for `target_layer`, thus set to 'layer4'.
WARNING:root:no value was provided for `fc_layer`, thus set to 'fc'.
WARNING:root:no value was provided for `target_layer`, thus set to 'layer4'.
WARNING:root:no value was provided for `fc_layer`, thus set to 'fc'.
INFO:root:Time: 00d 00h 32m 03s, num timesteps 120, FPS 0,
	Rewards:
	Losses: Local Loss: 4.000, SLAM Loss proj/exp/pose:0.1860/0.2782/0.5793
WARNING:root:no value was provided for `target_layer`, thus set to 'layer4'.
WARNING:root:no value was provided for `fc_layer`, thus set to 'fc'.
WARNING:root:no value was provided for `target_layer`, thus set to 'layer4'.
WARNING:root:no value was provided for `fc_layer`, thus set to 'fc'.
WARNING:root:no value was provided for `target_layer`, thus set to 'layer4'.
WARNING:root:no value was provided for `fc_layer`, thus set to 'fc'.
WARNING:root:no value was provided for `target_layer`, thus set to 'layer4'.
WARNING:root:no value was provided for `fc_layer`, thus set to 'fc'.
WARNING:root:no value was provided for `target_layer`, thus set to 'layer4'.
WARNING:root:no value was provided for `fc_layer`, thus set to 'fc'.
WARNING:root:no value was provided for `target_layer`, thus set to 'layer4'.
WARNING:root:no value was provided for `fc_layer`, thus set to 'fc'.
WARNING:root:no value was provided for `target_layer`, thus set to 'layer4'.
WARNING:root:no value was provided for `fc_layer`, thus set to 'fc'.
WARNING:root:no value was provided for `target_layer`, thus set to 'layer4'.
WARNING:root:no value was provided for `fc_layer`, thus set to 'fc'.
WARNING:root:no value was provided for `target_layer`, thus set to 'layer4'.
WARNING:root:no value was provided for `fc_layer`, thus set to 'fc'.
WARNING:root:no value was provided for `target_layer`, thus set to 'layer4'.
WARNING:root:no value was provided for `fc_layer`, thus set to 'fc'.
WARNING:root:no value was provided for `target_layer`, thus set to 'layer4'.
WARNING:root:no value was provided for `fc_layer`, thus set to 'fc'.
WARNING:root:no value was provided for `target_layer`, thus set to 'layer4'.
WARNING:root:no value was provided for `fc_layer`, thus set to 'fc'.
WARNING:root:no value was provided for `target_layer`, thus set to 'layer4'.
WARNING:root:no value was provided for `fc_layer`, thus set to 'fc'.
WARNING:root:no value was provided for `target_layer`, thus set to 'layer4'.
WARNING:root:no value was provided for `fc_layer`, thus set to 'fc'.
WARNING:root:no value was provided for `target_layer`, thus set to 'layer4'.
WARNING:root:no value was provided for `fc_layer`, thus set to 'fc'.
WARNING:root:no value was provided for `target_layer`, thus set to 'layer4'.
WARNING:root:no value was provided for `fc_layer`, thus set to 'fc'.
WARNING:root:no value was provided for `target_layer`, thus set to 'layer4'.
WARNING:root:no value was provided for `fc_layer`, thus set to 'fc'.
WARNING:root:no value was provided for `target_layer`, thus set to 'layer4'.
WARNING:root:no value was provided for `fc_layer`, thus set to 'fc'.
WARNING:root:no value was provided for `target_layer`, thus set to 'layer4'.
WARNING:root:no value was provided for `fc_layer`, thus set to 'fc'.
WARNING:root:no value was provided for `target_layer`, thus set to 'layer4'.
WARNING:root:no value was provided for `fc_layer`, thus set to 'fc'.
INFO:root:Time: 00d 00h 45m 55s, num timesteps 140, FPS 0,
	Rewards:
	Losses: Local Loss: 3.826, SLAM Loss proj/exp/pose:0.1500/0.2341/0.4451
WARNING:root:no value was provided for `target_layer`, thus set to 'layer4'.
WARNING:root:no value was provided for `fc_layer`, thus set to 'fc'.
WARNING:root:no value was provided for `target_layer`, thus set to 'layer4'.
WARNING:root:no value was provided for `fc_layer`, thus set to 'fc'.
WARNING:root:no value was provided for `target_layer`, thus set to 'layer4'.
WARNING:root:no value was provided for `fc_layer`, thus set to 'fc'.
WARNING:root:no value was provided for `target_layer`, thus set to 'layer4'.
WARNING:root:no value was provided for `fc_layer`, thus set to 'fc'.
WARNING:root:no value was provided for `target_layer`, thus set to 'layer4'.
WARNING:root:no value was provided for `fc_layer`, thus set to 'fc'.
WARNING:root:no value was provided for `target_layer`, thus set to 'layer4'.
WARNING:root:no value was provided for `fc_layer`, thus set to 'fc'.
WARNING:root:no value was provided for `target_layer`, thus set to 'layer4'.
WARNING:root:no value was provided for `fc_layer`, thus set to 'fc'.
WARNING:root:no value was provided for `target_layer`, thus set to 'layer4'.
WARNING:root:no value was provided for `fc_layer`, thus set to 'fc'.
WARNING:root:no value was provided for `target_layer`, thus set to 'layer4'.
WARNING:root:no value was provided for `fc_layer`, thus set to 'fc'.
WARNING:root:no value was provided for `target_layer`, thus set to 'layer4'.
WARNING:root:no value was provided for `fc_layer`, thus set to 'fc'.
WARNING:root:no value was provided for `target_layer`, thus set to 'layer4'.
WARNING:root:no value was provided for `fc_layer`, thus set to 'fc'.
WARNING:root:no value was provided for `target_layer`, thus set to 'layer4'.
WARNING:root:no value was provided for `fc_layer`, thus set to 'fc'.
WARNING:root:no value was provided for `target_layer`, thus set to 'layer4'.
WARNING:root:no value was provided for `fc_layer`, thus set to 'fc'.
WARNING:root:no value was provided for `target_layer`, thus set to 'layer4'.
WARNING:root:no value was provided for `fc_layer`, thus set to 'fc'.
WARNING:root:no value was provided for `target_layer`, thus set to 'layer4'.
WARNING:root:no value was provided for `fc_layer`, thus set to 'fc'.
WARNING:root:no value was provided for `target_layer`, thus set to 'layer4'.
WARNING:root:no value was provided for `fc_layer`, thus set to 'fc'.
WARNING:root:no value was provided for `target_layer`, thus set to 'layer4'.
WARNING:root:no value was provided for `fc_layer`, thus set to 'fc'.
WARNING:root:no value was provided for `target_layer`, thus set to 'layer4'.
WARNING:root:no value was provided for `fc_layer`, thus set to 'fc'.
